Performing Other Test HAVE_TM_ZONE failed with the following output:
Change Dir: '/Users/xuning/Work/go-dem/build3/hdf5_build/CMakeFiles/CMakeTmp'

Run Build Command(s): /opt/homebrew/bin/cmake -E env VERBOSE=1 /usr/bin/make -f Makefile cmTC_0fa07/fast
/Applications/Xcode.app/Contents/Developer/usr/bin/make  -f CMakeFiles/cmTC_0fa07.dir/build.make CMakeFiles/cmTC_0fa07.dir/build
Building C object CMakeFiles/cmTC_0fa07.dir/HDFTests.c.o
/Applications/Xcode.app/Contents/Developer/Toolchains/XcodeDefault.xctoolchain/usr/bin/cc   -arch arm64 -isysroot /Applications/Xcode.app/Contents/Developer/Platforms/MacOSX.platform/Developer/SDKs/MacOSX26.2.sdk -mmacosx-version-min=15.6   -DHAVE_TM_ZONE  -DHAVE_SYS_TIME_H -DHAVE_UNISTD_H -DHAVE_SYS_SOCKET_H -MD -MT CMakeFiles/cmTC_0fa07.dir/HDFTests.c.o -MF CMakeFiles/cmTC_0fa07.dir/HDFTests.c.o.d -o CMakeFiles/cmTC_0fa07.dir/HDFTests.c.o -c /Users/xuning/Work/go-dem/external/hdf5/config/HDFTests.c
Linking C executable cmTC_0fa07
/opt/homebrew/bin/cmake -E cmake_link_script CMakeFiles/cmTC_0fa07.dir/link.txt --verbose=1
Undefined symbols for architecture arm64:
  "_main", referenced from:
      <initial-undefines>
ld: symbol(s) not found for architecture arm64
cc: error: linker command failed with exit code 1 (use -v to see invocation)
/Applications/Xcode.app/Contents/Developer/Toolchains/XcodeDefault.xctoolchain/usr/bin/cc  -arch arm64 -isysroot /Applications/Xcode.app/Contents/Developer/Platforms/MacOSX.platform/Developer/SDKs/MacOSX26.2.sdk -mmacosx-version-min=15.6 -Wl,-search_paths_first -Wl,-headerpad_max_install_names CMakeFiles/cmTC_0fa07.dir/HDFTests.c.o -o cmTC_0fa07  -lm -ldl
make[5]: *** [cmTC_0fa07] Error 1
make[4]: *** [cmTC_0fa07/fast] Error 2


Performing Other Test HAVE_STRUCT_TM_TM_ZONE failed with the following output:
Change Dir: '/Users/xuning/Work/go-dem/build3/hdf5_build/CMakeFiles/CMakeTmp'

Run Build Command(s): /opt/homebrew/bin/cmake -E env VERBOSE=1 /usr/bin/make -f Makefile cmTC_d152a/fast
/Applications/Xcode.app/Contents/Developer/usr/bin/make  -f CMakeFiles/cmTC_d152a.dir/build.make CMakeFiles/cmTC_d152a.dir/build
Building C object CMakeFiles/cmTC_d152a.dir/HDFTests.c.o
/Applications/Xcode.app/Contents/Developer/Toolchains/XcodeDefault.xctoolchain/usr/bin/cc   -arch arm64 -isysroot /Applications/Xcode.app/Contents/Developer/Platforms/MacOSX.platform/Developer/SDKs/MacOSX26.2.sdk -mmacosx-version-min=15.6   -DHAVE_STRUCT_TM_TM_ZONE  -DHAVE_SYS_TIME_H -DHAVE_UNISTD_H -DHAVE_SYS_SOCKET_H -MD -MT CMakeFiles/cmTC_d152a.dir/HDFTests.c.o -MF CMakeFiles/cmTC_d152a.dir/HDFTests.c.o.d -o CMakeFiles/cmTC_d152a.dir/HDFTests.c.o -c /Users/xuning/Work/go-dem/external/hdf5/config/HDFTests.c
Linking C executable cmTC_d152a
/opt/homebrew/bin/cmake -E cmake_link_script CMakeFiles/cmTC_d152a.dir/link.txt --verbose=1
Undefined symbols for architecture arm64:
  "_main", referenced from:
      <initial-undefines>
ld: symbol(s) not found for architecture arm64
cc: error: linker command failed with exit code 1 (use -v to see invocation)
/Applications/Xcode.app/Contents/Developer/Toolchains/XcodeDefault.xctoolchain/usr/bin/cc  -arch arm64 -isysroot /Applications/Xcode.app/Contents/Developer/Platforms/MacOSX.platform/Developer/SDKs/MacOSX26.2.sdk -mmacosx-version-min=15.6 -Wl,-search_paths_first -Wl,-headerpad_max_install_names CMakeFiles/cmTC_d152a.dir/HDFTests.c.o -o cmTC_d152a  -lm -ldl
make[5]: *** [cmTC_d152a] Error 1
make[4]: *** [cmTC_d152a/fast] Error 2


Performing Other Test HAVE_BUILTIN_EXPECT failed with the following output:
Change Dir: '/Users/xuning/Work/go-dem/build3/hdf5_build/CMakeFiles/CMakeTmp'

Run Build Command(s): /opt/homebrew/bin/cmake -E env VERBOSE=1 /usr/bin/make -f Makefile cmTC_6112d/fast
/Applications/Xcode.app/Contents/Developer/usr/bin/make  -f CMakeFiles/cmTC_6112d.dir/build.make CMakeFiles/cmTC_6112d.dir/build
Building C object CMakeFiles/cmTC_6112d.dir/HDFTests.c.o
/Applications/Xcode.app/Contents/Developer/Toolchains/XcodeDefault.xctoolchain/usr/bin/cc   -arch arm64 -isysroot /Applications/Xcode.app/Contents/Developer/Platforms/MacOSX.platform/Developer/SDKs/MacOSX26.2.sdk -mmacosx-version-min=15.6   -DHAVE_BUILTIN_EXPECT  -DHAVE_SYS_TIME_H -DHAVE_UNISTD_H -DHAVE_SYS_SOCKET_H -MD -MT CMakeFiles/cmTC_6112d.dir/HDFTests.c.o -MF CMakeFiles/cmTC_6112d.dir/HDFTests.c.o.d -o CMakeFiles/cmTC_6112d.dir/HDFTests.c.o -c /Users/xuning/Work/go-dem/external/hdf5/config/HDFTests.c
Linking C executable cmTC_6112d
/opt/homebrew/bin/cmake -E cmake_link_script CMakeFiles/cmTC_6112d.dir/link.txt --verbose=1
Undefined symbols for architecture arm64:
  "_main", referenced from:
      <initial-undefines>
ld: symbol(s) not found for architecture arm64
cc: error: linker command failed with exit code 1 (use -v to see invocation)
/Applications/Xcode.app/Contents/Developer/Toolchains/XcodeDefault.xctoolchain/usr/bin/cc  -arch arm64 -isysroot /Applications/Xcode.app/Contents/Developer/Platforms/MacOSX.platform/Developer/SDKs/MacOSX26.2.sdk -mmacosx-version-min=15.6 -Wl,-search_paths_first -Wl,-headerpad_max_install_names CMakeFiles/cmTC_6112d.dir/HDFTests.c.o -o cmTC_6112d  -lm -ldl
make[5]: *** [cmTC_6112d] Error 1
make[4]: *** [cmTC_6112d/fast] Error 2


Performing Other Test PTHREAD_BARRIER failed with the following output:
Change Dir: '/Users/xuning/Work/go-dem/build3/hdf5_build/CMakeFiles/CMakeTmp'

Run Build Command(s): /opt/homebrew/bin/cmake -E env VERBOSE=1 /usr/bin/make -f Makefile cmTC_d35eb/fast
/Applications/Xcode.app/Contents/Developer/usr/bin/make  -f CMakeFiles/cmTC_d35eb.dir/build.make CMakeFiles/cmTC_d35eb.dir/build
Building C object CMakeFiles/cmTC_d35eb.dir/HDFTests.c.o
/Applications/Xcode.app/Contents/Developer/Toolchains/XcodeDefault.xctoolchain/usr/bin/cc   -arch arm64 -isysroot /Applications/Xcode.app/Contents/Developer/Platforms/MacOSX.platform/Developer/SDKs/MacOSX26.2.sdk -mmacosx-version-min=15.6   -DPTHREAD_BARRIER  -DHAVE_SYS_TIME_H -DHAVE_UNISTD_H -DHAVE_SYS_SOCKET_H -MD -MT CMakeFiles/cmTC_d35eb.dir/HDFTests.c.o -MF CMakeFiles/cmTC_d35eb.dir/HDFTests.c.o.d -o CMakeFiles/cmTC_d35eb.dir/HDFTests.c.o -c /Users/xuning/Work/go-dem/external/hdf5/config/HDFTests.c
/Users/xuning/Work/go-dem/external/hdf5/config/HDFTests.c:57:22: error: expected ';' after expression
   57 |     pthread_barrier_t barr;
      |                      ^
      |                      ;
/Users/xuning/Work/go-dem/external/hdf5/config/HDFTests.c:57:5: error: use of undeclared identifier 'pthread_barrier_t'
   57 |     pthread_barrier_t barr;
      |     ^
/Users/xuning/Work/go-dem/external/hdf5/config/HDFTests.c:57:23: error: use of undeclared identifier 'barr'
   57 |     pthread_barrier_t barr;
      |                       ^
/Users/xuning/Work/go-dem/external/hdf5/config/HDFTests.c:60:11: error: call to undeclared function 'pthread_barrier_init'; ISO C99 and later do not support implicit function declarations [-Wimplicit-function-declaration]
   60 |     ret = pthread_barrier_init(&barr, NULL, 1);
      |           ^
/Users/xuning/Work/go-dem/external/hdf5/config/HDFTests.c:60:11: note: did you mean 'pthread_attr_init'?
/Applications/Xcode.app/Contents/Developer/Platforms/MacOSX.platform/Developer/SDKs/MacOSX26.2.sdk/usr/include/pthread.h:263:5: note: 'pthread_attr_init' declared here
  263 | int pthread_attr_init(pthread_attr_t *);
      |     ^
/Users/xuning/Work/go-dem/external/hdf5/config/HDFTests.c:60:33: error: use of undeclared identifier 'barr'
   60 |     ret = pthread_barrier_init(&barr, NULL, 1);
      |                                 ^
5 errors generated.
make[5]: *** [CMakeFiles/cmTC_d35eb.dir/HDFTests.c.o] Error 1
make[4]: *** [cmTC_d35eb/fast] Error 2


Performing Other Test HAVE_STDC_NO_COMPLEX failed with the following output:
Change Dir: '/Users/xuning/Work/go-dem/build3/hdf5_build/CMakeFiles/CMakeTmp'

Run Build Command(s): /opt/homebrew/bin/cmake -E env VERBOSE=1 /usr/bin/make -f Makefile cmTC_0bda1/fast
/Applications/Xcode.app/Contents/Developer/usr/bin/make  -f CMakeFiles/cmTC_0bda1.dir/build.make CMakeFiles/cmTC_0bda1.dir/build
Building C object CMakeFiles/cmTC_0bda1.dir/HDFTests.c.o
/Applications/Xcode.app/Contents/Developer/Toolchains/XcodeDefault.xctoolchain/usr/bin/cc   -arch arm64 -isysroot /Applications/Xcode.app/Contents/Developer/Platforms/MacOSX.platform/Developer/SDKs/MacOSX26.2.sdk -mmacosx-version-min=15.6   -DHAVE_STDC_NO_COMPLEX  -DHAVE_SYS_TIME_H -DHAVE_UNISTD_H -DHAVE_SYS_SOCKET_H -MD -MT CMakeFiles/cmTC_0bda1.dir/HDFTests.c.o -MF CMakeFiles/cmTC_0bda1.dir/HDFTests.c.o.d -o CMakeFiles/cmTC_0bda1.dir/HDFTests.c.o -c /Users/xuning/Work/go-dem/external/hdf5/config/HDFTests.c
/Users/xuning/Work/go-dem/external/hdf5/config/HDFTests.c:101:2: error: "__STDC_NO_COMPLEX__ not defined"
  101 | #error "__STDC_NO_COMPLEX__ not defined"
      |  ^
1 error generated.
make[5]: *** [CMakeFiles/cmTC_0bda1.dir/HDFTests.c.o] Error 1
make[4]: *** [cmTC_0bda1/fast] Error 2


Test H5_LDOUBLE_TO_LONG_SPECIAL Compile succeeded with the following output:
 Change Dir: '/Users/xuning/Work/go-dem/build3/hdf5_build/CMakeFiles/CMakeTmp'

Run Build Command(s): /opt/homebrew/bin/cmake -E env VERBOSE=1 /usr/bin/make -f Makefile cmTC_5d98f/fast
/Applications/Xcode.app/Contents/Developer/usr/bin/make  -f CMakeFiles/cmTC_5d98f.dir/build.make CMakeFiles/cmTC_5d98f.dir/build
Building C object CMakeFiles/cmTC_5d98f.dir/ConversionTests.c.o
/Applications/Xcode.app/Contents/Developer/Toolchains/XcodeDefault.xctoolchain/usr/bin/cc   -DH5_LDOUBLE_TO_LONG_SPECIAL_TEST -arch arm64 -isysroot /Applications/Xcode.app/Contents/Developer/Platforms/MacOSX.platform/Developer/SDKs/MacOSX26.2.sdk -mmacosx-version-min=15.6 -MD -MT CMakeFiles/cmTC_5d98f.dir/ConversionTests.c.o -MF CMakeFiles/cmTC_5d98f.dir/ConversionTests.c.o.d -o CMakeFiles/cmTC_5d98f.dir/ConversionTests.c.o -c /Users/xuning/Work/go-dem/external/hdf5/config/ConversionTests.c
Linking C executable cmTC_5d98f
/opt/homebrew/bin/cmake -E cmake_link_script CMakeFiles/cmTC_5d98f.dir/link.txt --verbose=1
/Applications/Xcode.app/Contents/Developer/Toolchains/XcodeDefault.xctoolchain/usr/bin/cc  -DH5_LDOUBLE_TO_LONG_SPECIAL_TEST -arch arm64 -isysroot /Applications/Xcode.app/Contents/Developer/Platforms/MacOSX.platform/Developer/SDKs/MacOSX26.2.sdk -mmacosx-version-min=15.6 -Wl,-search_paths_first -Wl,-headerpad_max_install_names CMakeFiles/cmTC_5d98f.dir/ConversionTests.c.o -o cmTC_5d98f


Test H5_LDOUBLE_TO_LONG_SPECIAL Run failed with exit code 1 and with the following output:
 
Test H5_LONG_TO_LDOUBLE_SPECIAL Compile succeeded with the following output:
 Change Dir: '/Users/xuning/Work/go-dem/build3/hdf5_build/CMakeFiles/CMakeTmp'

Run Build Command(s): /opt/homebrew/bin/cmake -E env VERBOSE=1 /usr/bin/make -f Makefile cmTC_1e29d/fast
/Applications/Xcode.app/Contents/Developer/usr/bin/make  -f CMakeFiles/cmTC_1e29d.dir/build.make CMakeFiles/cmTC_1e29d.dir/build
Building C object CMakeFiles/cmTC_1e29d.dir/ConversionTests.c.o
/Applications/Xcode.app/Contents/Developer/Toolchains/XcodeDefault.xctoolchain/usr/bin/cc   -DH5_LONG_TO_LDOUBLE_SPECIAL_TEST -arch arm64 -isysroot /Applications/Xcode.app/Contents/Developer/Platforms/MacOSX.platform/Developer/SDKs/MacOSX26.2.sdk -mmacosx-version-min=15.6 -MD -MT CMakeFiles/cmTC_1e29d.dir/ConversionTests.c.o -MF CMakeFiles/cmTC_1e29d.dir/ConversionTests.c.o.d -o CMakeFiles/cmTC_1e29d.dir/ConversionTests.c.o -c /Users/xuning/Work/go-dem/external/hdf5/config/ConversionTests.c
Linking C executable cmTC_1e29d
/opt/homebrew/bin/cmake -E cmake_link_script CMakeFiles/cmTC_1e29d.dir/link.txt --verbose=1
/Applications/Xcode.app/Contents/Developer/Toolchains/XcodeDefault.xctoolchain/usr/bin/cc  -DH5_LONG_TO_LDOUBLE_SPECIAL_TEST -arch arm64 -isysroot /Applications/Xcode.app/Contents/Developer/Platforms/MacOSX.platform/Developer/SDKs/MacOSX26.2.sdk -mmacosx-version-min=15.6 -Wl,-search_paths_first -Wl,-headerpad_max_install_names CMakeFiles/cmTC_1e29d.dir/ConversionTests.c.o -o cmTC_1e29d


Test H5_LONG_TO_LDOUBLE_SPECIAL Run failed with exit code 1 and with the following output:
 
Test H5_DISABLE_SOME_LDOUBLE_CONV Compile succeeded with the following output:
 Change Dir: '/Users/xuning/Work/go-dem/build3/hdf5_build/CMakeFiles/CMakeTmp'

Run Build Command(s): /opt/homebrew/bin/cmake -E env VERBOSE=1 /usr/bin/make -f Makefile cmTC_5dfc2/fast
/Applications/Xcode.app/Contents/Developer/usr/bin/make  -f CMakeFiles/cmTC_5dfc2.dir/build.make CMakeFiles/cmTC_5dfc2.dir/build
Building C object CMakeFiles/cmTC_5dfc2.dir/ConversionTests.c.o
/Applications/Xcode.app/Contents/Developer/Toolchains/XcodeDefault.xctoolchain/usr/bin/cc   -DH5_DISABLE_SOME_LDOUBLE_CONV_TEST -arch arm64 -isysroot /Applications/Xcode.app/Contents/Developer/Platforms/MacOSX.platform/Developer/SDKs/MacOSX26.2.sdk -mmacosx-version-min=15.6 -MD -MT CMakeFiles/cmTC_5dfc2.dir/ConversionTests.c.o -MF CMakeFiles/cmTC_5dfc2.dir/ConversionTests.c.o.d -o CMakeFiles/cmTC_5dfc2.dir/ConversionTests.c.o -c /Users/xuning/Work/go-dem/external/hdf5/config/ConversionTests.c
Linking C executable cmTC_5dfc2
/opt/homebrew/bin/cmake -E cmake_link_script CMakeFiles/cmTC_5dfc2.dir/link.txt --verbose=1
/Applications/Xcode.app/Contents/Developer/Toolchains/XcodeDefault.xctoolchain/usr/bin/cc  -DH5_DISABLE_SOME_LDOUBLE_CONV_TEST -arch arm64 -isysroot /Applications/Xcode.app/Contents/Developer/Platforms/MacOSX.platform/Developer/SDKs/MacOSX26.2.sdk -mmacosx-version-min=15.6 -Wl,-search_paths_first -Wl,-headerpad_max_install_names CMakeFiles/cmTC_5dfc2.dir/ConversionTests.c.o -o cmTC_5dfc2


Test H5_DISABLE_SOME_LDOUBLE_CONV Run failed with exit code 1 and with the following output:
 
